11-24 18:26:29.566 -64, 0, 0, 0, 0, 0, -1887447216, 4329780, 4357832, 1000000, -590964802, 4711672, -590964801, -1887446880
11-24 18:31:27.637 -64, 0, 0, 0, 0, 0, -1663015088, 4331368, 4359864, 1000000, -729766866, 4493280, -729766865, -1663014752
11-25 10:12:23.973 -64, 0, 0, 0, 0, 0, -1392539824, 4331368, 4359864, 1000000, -637927346, 4493280, -637927345, -1392539488
11-25 10:12:29.292 -0, 0, 0, 0, 0, 0, -1392539824, 4331368, 4359864, 1000000, -637927346, 4493280, -637927345, -1392539488
11-25 10:20:39.658 -64, 0, 0, 0, 0, 0, 1996474192, 4331368, 4359864, 1000000, -277679954, 4493280, -277679953, 1996474528
11-25 10:20:45.006 -0, 0, 0, 0, 0, 0, 1996474192, 4331368, 4359864, 1000000, -277679954, 4493280, -277679953, 1996474528
11-25 10:26:09.807 -64, 0, 0, 0, 0, 0, -1317038256, 4331368, 4359864, 1000000, -845281602, 4493280, -845281601, -1317037920
11-25 10:26:15.246 -0, 0, 0, 0, 0, 0, -1317038256, 4331368, 4359864, 1000000, -845281602, 4493280, -845281601, -1317037920
11-25 11:19:11.103 -64, 0, 0, 0, 0, 0, -1761622192, 4330216, 4358712, 1000000, -93920850, 4493280, -93920849, -1761621856
11-25 11:19:16.135 -0, 0, 0, 0, 0, 0, -1761622192, 4330216, 4358712, 1000000, -93920850, 4493280, -93920849, -1761621856
11-25 11:20:56.515 -64, 0, 0, 0, 0, 0, -1560295600, 4330216, 4358712, 1000000, -656125794, 4493280, -656125793, -1560295264
11-25 11:21:01.946 -0, 0, 0, 0, 0, 0, -1560295600, 4330216, 4358712, 1000000, -656125794, 4493280, -656125793, -1560295264
11-25 11:24:41.533 -64, 0, 0, 0, 0, 0, -1307637936, 4330216, 4358776, 1000000, -841333218, 4493280, -841333217, -1307637600
11-25 11:24:47.314 -0, 0, 0, 0, 0, 0, -1307637936, 4330216, 4358776, 1000000, -841333218, 4493280, -841333217, -1307637600
11-25 11:27:29.579 -64, 0, 0, 0, 0, 0, -1417685168, 4330312, 4358872, 1000000, -223965954, 4493280, -223965953, -1417684832
11-25 11:27:34.311 -0, 0, 0, 0, 0, 0, -1417685168, 4330312, 4358872, 1000000, -223965954, 4493280, -223965953, -1417684832
11-25 11:28:57.038 -64, 0, 0, 0, 0, 0, -1610619056, 4330296, 4358896, 1000000, -221525666, 4493280, -221525665, -1610618720
11-25 11:29:02.591 -0, 0, 0, 0, 0, 0, -1610619056, 4330296, 4358896, 1000000, -221525666, 4493280, -221525665, -1610618720
11-25 11:30:05.773 -64, 0, 0, 0, 0, 0, -1770014896, 4331368, 4359864, 1000000, -685143810, 4493280, -685143809, -1770014560
11-25 11:30:12.007 -0, 0, 0, 0, 0, 0, -1770014896, 4331368, 4359864, 1000000, -685143810, 4493280, -685143809, -1770014560
11-25 11:30:16.562 -0, 0, 0, 0, 0, 0, -1770014896, 4331368, 4359864, 1000000, -685143810, 4493280, -685143809, -1770014560
11-25 11:36:06.783 -64, 0, 0, 0, 0, 0, -1207965872, 4330296, 4358896, 1000000, -1053082786, 4493280, -1053082785, -1207965536
11-25 11:36:12.265 -0, 0, 0, 0, 0, 0, -1207965872, 4330296, 4358896, 1000000, -1053082786, 4493280, -1053082785, -1207965536
11-25 11:47:23.651 -64, 0, 0, 0, 0, 0, -1753229488, 4330344, 4358944, 1000000, -898477618, 4493288, -898477617, -1753229152
11-25 11:47:29.038 -0, 0, 0, 0, 0, 0, -1753229488, 4330344, 4358944, 1000000, -898477618, 4493288, -898477617, -1753229152
11-25 11:47:33.331 -0, 0, 0, 0, 0, 0, -1753229488, 4330344, 4358944, 1000000, -898477618, 4493288, -898477617, -1753229152
11-25 13:03:14.770 -64, 0, 0, 0, 0, 0, -1996519600, 4330344, 4358944, 1000000, -792547346, 4493288, -792547345, -1996519264
11-25 13:03:16.579 -0, 0, 0, 0, 0, 0, -1996519600, 4330344, 4358944, 1000000, -792547346, 4493288, -792547345, -1996519264
11-25 13:03:15.701 -0, 0, 0, 0, 0, 0, -1996519600, 4330344, 4358944, 1000000, -792547346, 4493288, -792547345, -1996519264
11-25 13:04:47.308 -64, 0, 0, 0, 0, 0, -1962948784, 4330232, 4358760, 1000000, -850303314, 4493288, -850303313, -1962948448
11-25 13:04:56.953 -0, 0, 0, 0, 0, 0, -1962948784, 4330232, 4358760, 1000000, -850303314, 4493288, -850303313, -1962948448
11-25 13:05:01.247 -0, 0, 0, 0, 0, 0, -1962948784, 4330232, 4358760, 1000000, -850303314, 4493288, -850303313, -1962948448
11-25 13:14:34.443 -64, 0, 0, 0, 0, 0, -1811945648, 4330232, 4358888, 1000000, -981285506, 4493288, -981285505, -1811945312
11-25 13:14:39.905 -0, 0, 0, 0, 0, 0, -1811945648, 4330232, 4358888, 1000000, -981285506, 4493288, -981285505, -1811945312
11-25 13:14:43.107 -0, 0, 0, 0, 0, 0, -1811945648, 4330232, 4358888, 1000000, -981285506, 4493288, -981285505, -1811945312
11-25 13:15:22.411 -64, 0, 0, 0, 0, 0, -1795193008, 4330232, 4358888, 1000000, -870821186, 4493288, -870821185, -1795192672
11-25 13:15:27.553 -0, 0, 0, 0, 0, 0, -1795193008, 4330232, 4358888, 1000000, -870821186, 4493288, -870821185, -1795192672
11-25 13:15:31.855 -0, 0, 0, 0, 0, 0, -1795193008, 4330232, 4358888, 1000000, -870821186, 4493288, -870821185, -1795192672
11-25 13:16:06.612 -64, 0, 0, 0, 0, 0, 1996474192, 4330232, 4358888, 1000000, -861513346, 4493288, -861513345, 1996474528
11-25 13:16:12.591 -0, 0, 0, 0, 0, 0, 1996474192, 4330232, 4358888, 1000000, -861513346, 4493288, -861513345, 1996474528
11-25 13:16:16.875 -0, 0, 0, 0, 0, 0, 1996474192, 4330232, 4358888, 1000000, -861513346, 4493288, -861513345, 1996474528
11-25 13:34:01.669 -64, 0, 0, 0, 0, 0, 2063583056, 4330040, 4358568, 1000000, -519916498, 4489184, -519916497, 2063583392
11-25 13:34:06.665 -0, 0, 0, 0, 0, 0, 2063583056, 4330040, 4358568, 1000000, -519916498, 4489184, -519916497, 2063583392
11-25 13:36:35.245 -64, 0, 0, 0, 0, 0, -1258322096, 4330056, 4358584, 1000000, -174279826, 4489192, -174279825, -1258321760
11-25 13:36:41.354 -0, 0, 0, 0, 0, 0, -1258322096, 4330056, 4358584, 1000000, -174279826, 4489192, -174279825, -1258321760
11-25 13:39:49.778 -64, 0, 0, 0, 0, 0, -2013272240, 4330056, 4358584, 1000000, -883835682, 4489192, -883835681, -2013271904
11-25 13:39:54.926 -0, 0, 0, 0, 0, 0, -2013272240, 4330056, 4358584, 1000000, -883835682, 4489192, -883835681, -2013271904
11-25 13:39:59.206 -0, 0, 0, 0, 0, 0, -2013272240, 4330056, 4358584, 1000000, -883835682, 4489192, -883835681, -2013271904
11-25 14:06:34.860 -64, 0, 0, 0, 0, 0, -1358969008, 4330024, 4358552, 1000000, -158653602, 4489192, -158653601, -1358968672
11-25 14:06:40.311 -0, 0, 0, 0, 0, 0, -1358969008, 4330024, 4358552, 1000000, -158653602, 4489192, -158653601, -1358968672
11-25 14:06:43.545 -0, 0, 0, 0, 0, 0, -1358969008, 4330024, 4358552, 1000000, -158653602, 4489192, -158653601, -1358968672
